MongoDB connected
Starting seed process...
WARNING: Clearing existing data to ensure clean state...
Data cleared.
Created Subject: Physics
Created Subject: Chemistry
Created Subject: Biology
Created Subject: GK / Moral Science
Created Subject: Math
Created Subject: English
Created Subject: Science
Created Subject: History
Created Subject: Art
Created Subject: Computer
Created Subject: Geography
Created Subject: Hindi
Created Teacher: Mr. Iyer (iyer.physics@school.local)
Created Teacher: Mrs. Bose (bose.chemistry@school.local)
Created Teacher: Mr. Francis (francis.biology@school.local)
Created Teacher: Ms. Rao (rao.gkmoralscience@school.local)
Created Teacher: Mr. Sharma (sharma.math@school.local)
Created Teacher: Ms. Verma (verma.english@school.local)
Created Teacher: Mr. Das (das.science@school.local)
Created Teacher: Mrs. Roy (roy.history@school.local)
Created Teacher: Mr. Khan (khan.art@school.local)
Created Teacher: Ms. Singh (singh.computer@school.local)
Created Teacher: Mr. Mehta (mehta.geography@school.local)
Created Teacher: Mrs. Gupta (gupta.hindi@school.local)
Processing Class 1...
Processing Class 2...
Processing Class 3...
Processing Class 4...
Processing Class 5...
Processing Class 6...
Processing Class 7...
Processing Class 8...
Processing Class 9...
Processing Class 10...
Processing Class 11...
Processing Class 12...
Seed process completed successfully.
